<?xml version="1.0" encoding="UTF-8"?>
<!-- Generated by org.testng.reporters.JUnitXMLReporter -->
<testsuite ignored="0" hostname="MY-Thinkbook" failures="0" tests="2" name="GeneralStoreSmokeTests" time="110.034" errors="0" timestamp="2023-12-16T13:28:51 TRT">
  <testcase classname="generalstore.tests.TC01_PozitiveTest" name="test01PositiveTest" time="99.619"/>
  <testcase classname="generalstore.tests.TC02_NegativeTest" name="test02_NegativeTest" time="0.868"/>
</testsuite> <!-- GeneralStoreSmokeTests -->
